SF:lib/src/cubit_with_effects.dart
DA:25,1
LF:1
LH:1
end_of_record
SF:lib/src/base_effector.dart
DA:39,4
DA:41,2
DA:42,4
DA:44,2
DA:45,4
DA:47,2
DA:49,2
DA:50,4
DA:55,2
DA:56,6
DA:59,2
DA:61,2
DA:62,2
LF:13
LH:13
end_of_record
SF:lib/src/bloc_with_effects.dart
DA:12,1
LF:1
LH:1
end_of_record
SF:lib/src/bloc_effect_listener.dart
DA:55,1
DA:60,1
DA:75,1
DA:77,1
DA:85,1
DA:86,4
DA:87,7
DA:91,1
DA:92,2
DA:93,1
DA:96,1
DA:98,1
DA:99,5
DA:100,1
DA:103,1
DA:105,1
DA:106,2
DA:107,1
DA:110,1
DA:112,1
DA:113,1
DA:114,2
DA:115,1
DA:116,1
DA:117,1
DA:118,1
DA:120,1
DA:124,1
DA:125,2
LF:29
LH:29
end_of_record
