SF:lib/src/cubit_with_effects.dart
DA:25,1
LF:1
LH:1
end_of_record
SF:lib/src/base_effector.dart
DA:39,2
DA:41,1
DA:42,2
DA:44,1
DA:45,2
DA:47,1
DA:49,1
DA:50,2
DA:55,1
DA:56,3
DA:59,1
DA:61,1
DA:62,1
LF:13
LH:13
end_of_record
SF:lib/src/bloc_effect_listener.dart
DA:52,1
DA:57,1
DA:72,1
DA:74,1
DA:82,1
DA:83,4
DA:84,7
DA:88,1
DA:89,2
DA:90,1
DA:93,1
DA:95,1
DA:96,5
DA:97,1
DA:100,1
DA:102,1
DA:103,2
DA:104,1
DA:107,1
DA:109,1
DA:110,1
DA:111,2
DA:112,1
DA:113,1
DA:114,1
DA:115,1
DA:117,1
DA:121,1
DA:123,1
DA:124,4
DA:125,2
DA:126,0
DA:127,0
DA:128,0
DA:130,0
DA:134,1
DA:135,2
LF:37
LH:33
end_of_record
SF:lib/src/bloc_with_effects.dart
DA:12,0
LF:1
LH:0
end_of_record
